
Showing logs for build [32mcb-kubecd-environment-pr-205-25-khfzm-1[0m stage [32mfrom-build-pack[0m and container [32mstep-credential-initializer-hv98r[0m
{"level":"info","ts":1587225345.2052188,"logger":"fallback-logger","caller":"logging/config.go:69","msg":"Fetch GitHub commit ID from kodata failed: open /var/run/ko/refs/heads/0.8.0-ns-support: no such file or directory"}
{"level":"info","ts":1587225345.2058911,"logger":"fallback-logger","caller":"creds-init/main.go:40","msg":"Credentials initialized."}

Showing logs for build [32mcb-kubecd-environment-pr-205-25-khfzm-1[0m stage [32mfrom-build-pack[0m and container [32mstep-working-dir-initializer-wnfhd[0m
{"level":"info","ts":1587225345.6600943,"logger":"fallback-logger","caller":"logging/config.go:69","msg":"Fetch GitHub commit ID from kodata failed: open /var/run/ko/HEAD: no such file or directory"}
{"level":"info","ts":1587225345.6648238,"logger":"fallback-logger","caller":"bash/main.go:64","msg":"Successfully executed command \"sh -c mkdir -p /workspace/source\"; output "}

Showing logs for build [32mcb-kubecd-environment-pr-205-25-khfzm-1[0m stage [32mfrom-build-pack[0m and container [32mstep-place-tools[0m

Showing logs for build [32mcb-kubecd-environment-pr-205-25-khfzm-1[0m stage [32mfrom-build-pack[0m and container [32mstep-git-source-cb-kubecd-environment-pr-205-25-khfzm-2czhl[0m
{"level":"info","ts":1587225349.8709137,"logger":"fallback-logger","caller":"logging/config.go:69","msg":"Fetch GitHub commit ID from kodata failed: open /var/run/ko/refs/heads/0.8.0-ns-support: no such file or directory"}
{"level":"info","ts":1587225350.9188092,"logger":"fallback-logger","caller":"git/git.go:103","msg":"Successfully cloned https://github.com/cb-kubecd/environment-pr-205-25-boot-gke-staging.git @ master in path /workspace/source"}

Showing logs for build [32mcb-kubecd-environment-pr-205-25-khfzm-1[0m stage [32mfrom-build-pack[0m and container [32mstep-git-merge[0m
Using SHAs from PULL_REFS=master:19d8ab32350c12fc67959d3355cbacd9cdb9e4bb,8:2a108374d9ab7298d419558044fb17478640aea9
DEBUG: LC_ALL=C JX_LOG_LEVEL=error git fetch origin --unshallow 2a108374d9ab7298d419558044fb17478640aea9: 19d8ab32350c12fc67959d3355cbacd9cdb9e4bb:
DEBUG: ran git fetch --unshallow origin 2a108374d9ab7298d419558044fb17478640aea9: 19d8ab32350c12fc67959d3355cbacd9cdb9e4bb: in 
DEBUG: LC_ALL=C JX_LOG_LEVEL=error git branch
DEBUG: LC_ALL=C JX_LOG_LEVEL=error git checkout master
DEBUG: ran git checkout master in 
DEBUG: LC_ALL=C JX_LOG_LEVEL=error git reset --hard 19d8ab32350c12fc67959d3355cbacd9cdb9e4bb
DEBUG: ran git reset --hard 19d8ab32350c12fc67959d3355cbacd9cdb9e4bb in 
DEBUG: LC_ALL=C JX_LOG_LEVEL=error git clean -fd .
DEBUG: ran clean --force -d . in 
DEBUG: LC_ALL=C JX_LOG_LEVEL=error git merge 2a108374d9ab7298d419558044fb17478640aea9
DEBUG: ran git merge 2a108374d9ab7298d419558044fb17478640aea9 in 
DEBUG: LC_ALL=C JX_LOG_LEVEL=error git log --format=%H%x1f%an%x1f%ae%x1f%cn%x1f%ce%x1f%s%n%b%x1e 19d8ab32350c12fc67959d3355cbacd9cdb9e4bb..HEAD
Merged SHA 2a108374d9ab7298d419558044fb17478640aea9 with commit message 'chore: Promote bdd-ghf**y-import-1587223495 to version 0.0.1' into base branch master

Showing logs for build [32mcb-kubecd-environment-pr-205-25-khfzm-1[0m stage [32mfrom-build-pack[0m and container [32mstep-build-helm-build[0m
WARNING: No $CHART_REPOSITORY defined so using the default value of: http://jenkins-x-chartmuseum:8080
Adding missing Helm repo: storage.googleapis.com https://storage.googleapis.com/chartmuseum.jenkins-x.io
WARNING: No secrets found on "helm/repos" due: reading the secret "helm/repos" from vault: no secret "helm/repos" not found in vault
Read credentials for https://storage.googleapis.com/chartmuseum.jenkins-x.io from vault helm/repos
Successfully added Helm repository storage.googleapis.com.
Adding missing Helm repo: jenkins-x-chartmuseum http://jenkins-x-chartmuseum:8080
WARNING: No secrets found on "helm/repos" due: reading the secret "helm/repos" from vault: no secret "helm/repos" not found in vault
Read credentials for http://jenkins-x-chartmuseum:8080 from vault helm/repos
Successfully added Helm repository jenkins-x-chartmuseum.
WARNING: No $CHART_REPOSITORY defined so using the default value of: http://jenkins-x-chartmuseum:8080
Adding missing Helm repo: chartmuseum.jenkins-x.io http://chartmuseum.jenkins-x.io
WARNING: No secrets found on "helm/repos" due: reading the secret "helm/repos" from vault: no secret "helm/repos" not found in vault
Read credentials for http://chartmuseum.jenkins-x.io from vault helm/repos
Successfully added Helm repository chartmuseum.jenkins-x.io.
