
Showing logs for build [32mcb-kubecd-environment-pr-205-25-vx2nq-1[0m stage [32mfrom-build-pack[0m and container [32mstep-credential-initializer-cw9fs[0m
{"level":"info","ts":1587222984.8356771,"logger":"fallback-logger","caller":"logging/config.go:69","msg":"Fetch GitHub commit ID from kodata failed: open /var/run/ko/refs/heads/0.8.0-ns-support: no such file or directory"}
{"level":"info","ts":1587222984.836828,"logger":"fallback-logger","caller":"creds-init/main.go:40","msg":"Credentials initialized."}

Showing logs for build [32mcb-kubecd-environment-pr-205-25-vx2nq-1[0m stage [32mfrom-build-pack[0m and container [32mstep-working-dir-initializer-w5nkv[0m
{"level":"info","ts":1587222985.7816818,"logger":"fallback-logger","caller":"logging/config.go:69","msg":"Fetch GitHub commit ID from kodata failed: open /var/run/ko/HEAD: no such file or directory"}
{"level":"info","ts":1587222985.7832966,"logger":"fallback-logger","caller":"bash/main.go:64","msg":"Successfully executed command \"sh -c mkdir -p /workspace/source\"; output "}

Showing logs for build [32mcb-kubecd-environment-pr-205-25-vx2nq-1[0m stage [32mfrom-build-pack[0m and container [32mstep-place-tools[0m

Showing logs for build [32mcb-kubecd-environment-pr-205-25-vx2nq-1[0m stage [32mfrom-build-pack[0m and container [32mstep-git-source-cb-kubecd-environment-pr-205-25-vx2nq-g2gcg[0m
{"level":"info","ts":1587222989.9330807,"logger":"fallback-logger","caller":"logging/config.go:69","msg":"Fetch GitHub commit ID from kodata failed: open /var/run/ko/refs/heads/0.8.0-ns-support: no such file or directory"}
{"level":"info","ts":1587222990.9699857,"logger":"fallback-logger","caller":"git/git.go:103","msg":"Successfully cloned https://github.com/cb-kubecd/environment-pr-205-25-boot-gke-staging.git @ master in path /workspace/source"}

Showing logs for build [32mcb-kubecd-environment-pr-205-25-vx2nq-1[0m stage [32mfrom-build-pack[0m and container [32mstep-git-merge[0m
Using SHAs from PULL_REFS=master:e7247504cf7107e876cf89f1329bb4ec0767a02c,4:2db02bd4d921bc7cb2526a934af4ed53135e2cc1
DEBUG: LC_ALL=C JX_LOG_LEVEL=error git fetch origin --unshallow 2db02bd4d921bc7cb2526a934af4ed53135e2cc1: e7247504cf7107e876cf89f1329bb4ec0767a02c:
DEBUG: ran git fetch --unshallow origin 2db02bd4d921bc7cb2526a934af4ed53135e2cc1: e7247504cf7107e876cf89f1329bb4ec0767a02c: in 
DEBUG: LC_ALL=C JX_LOG_LEVEL=error git branch
DEBUG: LC_ALL=C JX_LOG_LEVEL=error git checkout master
DEBUG: ran git checkout master in 
DEBUG: LC_ALL=C JX_LOG_LEVEL=error git reset --hard e7247504cf7107e876cf89f1329bb4ec0767a02c
DEBUG: ran git reset --hard e7247504cf7107e876cf89f1329bb4ec0767a02c in 
DEBUG: LC_ALL=C JX_LOG_LEVEL=error git clean -fd .
DEBUG: ran clean --force -d . in 
DEBUG: JX_LOG_LEVEL=error LC_ALL=C git merge 2db02bd4d921bc7cb2526a934af4ed53135e2cc1
DEBUG: ran git merge 2db02bd4d921bc7cb2526a934af4ed53135e2cc1 in 
DEBUG: JX_LOG_LEVEL=error LC_ALL=C git log --format=%H%x1f%an%x1f%ae%x1f%cn%x1f%ce%x1f%s%n%b%x1e e7247504cf7107e876cf89f1329bb4ec0767a02c..HEAD
Merged SHA 2db02bd4d921bc7cb2526a934af4ed53135e2cc1 with commit message 'chore: Promote bdd-nh-1587221165 to version 0.0.1' into base branch master

Showing logs for build [32mcb-kubecd-environment-pr-205-25-vx2nq-1[0m stage [32mfrom-build-pack[0m and container [32mstep-build-helm-build[0m
WARNING: No $CHART_REPOSITORY defined so using the default value of: http://jenkins-x-chartmuseum:8080
Adding missing Helm repo: storage.googleapis.com https://storage.googleapis.com/chartmuseum.jenkins-x.io
WARNING: No secrets found on "helm/repos" due: reading the secret "helm/repos" from vault: no secret "helm/repos" not found in vault
Read credentials for https://storage.googleapis.com/chartmuseum.jenkins-x.io from vault helm/repos
Successfully added Helm repository storage.googleapis.com.
Adding missing Helm repo: jenkins-x-chartmuseum http://jenkins-x-chartmuseum:8080
WARNING: No secrets found on "helm/repos" due: reading the secret "helm/repos" from vault: no secret "helm/repos" not found in vault
Read credentials for http://jenkins-x-chartmuseum:8080 from vault helm/repos
Successfully added Helm repository jenkins-x-chartmuseum.
WARNING: No $CHART_REPOSITORY defined so using the default value of: http://jenkins-x-chartmuseum:8080
Adding missing Helm repo: chartmuseum.jenkins-x.io http://chartmuseum.jenkins-x.io
WARNING: No secrets found on "helm/repos" due: reading the secret "helm/repos" from vault: no secret "helm/repos" not found in vault
Read credentials for http://chartmuseum.jenkins-x.io from vault helm/repos
Successfully added Helm repository chartmuseum.jenkins-x.io.
