
Showing logs for build [32mcb-kubecd-environment-pr-205-25-zjl7n-1[0m stage [32mfrom-build-pack[0m and container [32mstep-credential-initializer-9mxtz[0m
{"level":"info","ts":1587221451.8778183,"logger":"fallback-logger","caller":"logging/config.go:69","msg":"Fetch GitHub commit ID from kodata failed: open /var/run/ko/refs/heads/0.8.0-ns-support: no such file or directory"}
{"level":"info","ts":1587221451.8786585,"logger":"fallback-logger","caller":"creds-init/main.go:40","msg":"Credentials initialized."}

Showing logs for build [32mcb-kubecd-environment-pr-205-25-zjl7n-1[0m stage [32mfrom-build-pack[0m and container [32mstep-working-dir-initializer-qx4dk[0m
{"level":"info","ts":1587221453.1929007,"logger":"fallback-logger","caller":"logging/config.go:69","msg":"Fetch GitHub commit ID from kodata failed: open /var/run/ko/HEAD: no such file or directory"}
{"level":"info","ts":1587221453.1948032,"logger":"fallback-logger","caller":"bash/main.go:64","msg":"Successfully executed command \"sh -c mkdir -p /workspace/source\"; output "}

Showing logs for build [32mcb-kubecd-environment-pr-205-25-zjl7n-1[0m stage [32mfrom-build-pack[0m and container [32mstep-place-tools[0m

Showing logs for build [32mcb-kubecd-environment-pr-205-25-zjl7n-1[0m stage [32mfrom-build-pack[0m and container [32mstep-git-source-cb-kubecd-environment-pr-205-25-zjl7n-plm2s[0m
{"level":"info","ts":1587221458.5789154,"logger":"fallback-logger","caller":"logging/config.go:69","msg":"Fetch GitHub commit ID from kodata failed: open /var/run/ko/refs/heads/0.8.0-ns-support: no such file or directory"}
{"level":"info","ts":1587221459.6683042,"logger":"fallback-logger","caller":"git/git.go:103","msg":"Successfully cloned https://github.com/cb-kubecd/environment-pr-205-25-boot-gke-staging.git @ master in path /workspace/source"}

Showing logs for build [32mcb-kubecd-environment-pr-205-25-zjl7n-1[0m stage [32mfrom-build-pack[0m and container [32mstep-git-merge[0m
Using SHAs from PULL_REFS=master:8de408a4ea9f9b1b80136ee045e5794597d43fe7,2:b46433cceab7783b114c206cf921bdeb40216fec
DEBUG: LC_ALL=C JX_LOG_LEVEL=error git fetch origin --unshallow b46433cceab7783b114c206cf921bdeb40216fec: 8de408a4ea9f9b1b80136ee045e5794597d43fe7:
DEBUG: ran git fetch --unshallow origin b46433cceab7783b114c206cf921bdeb40216fec: 8de408a4ea9f9b1b80136ee045e5794597d43fe7: in 
DEBUG: JX_LOG_LEVEL=error LC_ALL=C git branch
DEBUG: JX_LOG_LEVEL=error LC_ALL=C git checkout master
DEBUG: ran git checkout master in 
DEBUG: LC_ALL=C JX_LOG_LEVEL=error git reset --hard 8de408a4ea9f9b1b80136ee045e5794597d43fe7
DEBUG: ran git reset --hard 8de408a4ea9f9b1b80136ee045e5794597d43fe7 in 
DEBUG: LC_ALL=C JX_LOG_LEVEL=error git clean -fd .
DEBUG: ran clean --force -d . in 
DEBUG: LC_ALL=C JX_LOG_LEVEL=error git merge b46433cceab7783b114c206cf921bdeb40216fec
DEBUG: ran git merge b46433cceab7783b114c206cf921bdeb40216fec in 
DEBUG: LC_ALL=C JX_LOG_LEVEL=error git log --format=%H%x1f%an%x1f%ae%x1f%cn%x1f%ce%x1f%s%n%b%x1e 8de408a4ea9f9b1b80136ee045e5794597d43fe7..HEAD
Merged SHA b46433cceab7783b114c206cf921bdeb40216fec with commit message 'chore: Promote bdd-gh-1587221165 to version 0.0.1' into base branch master

Showing logs for build [32mcb-kubecd-environment-pr-205-25-zjl7n-1[0m stage [32mfrom-build-pack[0m and container [32mstep-build-helm-build[0m
WARNING: No $CHART_REPOSITORY defined so using the default value of: http://jenkins-x-chartmuseum:8080
Adding missing Helm repo: storage.googleapis.com https://storage.googleapis.com/chartmuseum.jenkins-x.io
WARNING: No secrets found on "helm/repos" due: reading the secret "helm/repos" from vault: no secret "helm/repos" not found in vault
Read credentials for https://storage.googleapis.com/chartmuseum.jenkins-x.io from vault helm/repos
Successfully added Helm repository storage.googleapis.com.
Adding missing Helm repo: jenkins-x-chartmuseum http://jenkins-x-chartmuseum:8080
WARNING: No secrets found on "helm/repos" due: reading the secret "helm/repos" from vault: no secret "helm/repos" not found in vault
Read credentials for http://jenkins-x-chartmuseum:8080 from vault helm/repos
Successfully added Helm repository jenkins-x-chartmuseum.
WARNING: No $CHART_REPOSITORY defined so using the default value of: http://jenkins-x-chartmuseum:8080
Adding missing Helm repo: chartmuseum.jenkins-x.io http://chartmuseum.jenkins-x.io
WARNING: No secrets found on "helm/repos" due: reading the secret "helm/repos" from vault: no secret "helm/repos" not found in vault
Read credentials for http://chartmuseum.jenkins-x.io from vault helm/repos
Successfully added Helm repository chartmuseum.jenkins-x.io.
