
Showing logs for build [32mcb-kubecd-environment-pr-205-25-r5ddv-1[0m stage [32mfrom-build-pack[0m and container [32mstep-credential-initializer-25h6h[0m
{"level":"info","ts":1587220366.80385,"logger":"fallback-logger","caller":"logging/config.go:69","msg":"Fetch GitHub commit ID from kodata failed: open /var/run/ko/refs/heads/0.8.0-ns-support: no such file or directory"}
{"level":"info","ts":1587220366.8047519,"logger":"fallback-logger","caller":"creds-init/main.go:40","msg":"Credentials initialized."}

Showing logs for build [32mcb-kubecd-environment-pr-205-25-r5ddv-1[0m stage [32mfrom-build-pack[0m and container [32mstep-working-dir-initializer-l284w[0m
{"level":"info","ts":1587220367.5113,"logger":"fallback-logger","caller":"logging/config.go:69","msg":"Fetch GitHub commit ID from kodata failed: open /var/run/ko/HEAD: no such file or directory"}
{"level":"info","ts":1587220367.518393,"logger":"fallback-logger","caller":"bash/main.go:64","msg":"Successfully executed command \"sh -c mkdir -p /workspace/source\"; output "}

Showing logs for build [32mcb-kubecd-environment-pr-205-25-r5ddv-1[0m stage [32mfrom-build-pack[0m and container [32mstep-place-tools[0m

Showing logs for build [32mcb-kubecd-environment-pr-205-25-r5ddv-1[0m stage [32mfrom-build-pack[0m and container [32mstep-git-source-cb-kubecd-environment-pr-205-25-r5ddv-qpn76[0m
{"level":"info","ts":1587220372.8733826,"logger":"fallback-logger","caller":"logging/config.go:69","msg":"Fetch GitHub commit ID from kodata failed: open /var/run/ko/refs/heads/0.8.0-ns-support: no such file or directory"}
{"level":"info","ts":1587220373.9344668,"logger":"fallback-logger","caller":"git/git.go:103","msg":"Successfully cloned https://github.com/cb-kubecd/environment-pr-205-25-boot-gke-staging.git @ master in path /workspace/source"}

Showing logs for build [32mcb-kubecd-environment-pr-205-25-r5ddv-1[0m stage [32mfrom-build-pack[0m and container [32mstep-git-merge[0m
Using SHAs from PULL_REFS=master:f0d36af958a0778b4c298c19bb6edd36aa383bb3,1:4b8f70dc347774742a2264405de7e8151f2ede5a
DEBUG: LC_ALL=C JX_LOG_LEVEL=error git fetch origin --unshallow 4b8f70dc347774742a2264405de7e8151f2ede5a: f0d36af958a0778b4c298c19bb6edd36aa383bb3:
DEBUG: ran git fetch --unshallow origin 4b8f70dc347774742a2264405de7e8151f2ede5a: f0d36af958a0778b4c298c19bb6edd36aa383bb3: in 
DEBUG: LC_ALL=C JX_LOG_LEVEL=error git branch
DEBUG: LC_ALL=C JX_LOG_LEVEL=error git checkout master
DEBUG: ran git checkout master in 
DEBUG: LC_ALL=C JX_LOG_LEVEL=error git reset --hard f0d36af958a0778b4c298c19bb6edd36aa383bb3
DEBUG: ran git reset --hard f0d36af958a0778b4c298c19bb6edd36aa383bb3 in 
DEBUG: JX_LOG_LEVEL=error LC_ALL=C git clean -fd .
DEBUG: ran clean --force -d . in 
DEBUG: LC_ALL=C JX_LOG_LEVEL=error git merge 4b8f70dc347774742a2264405de7e8151f2ede5a
DEBUG: ran git merge 4b8f70dc347774742a2264405de7e8151f2ede5a in 
DEBUG: LC_ALL=C JX_LOG_LEVEL=error git log --format=%H%x1f%an%x1f%ae%x1f%cn%x1f%ce%x1f%s%n%b%x1e f0d36af958a0778b4c298c19bb6edd36aa383bb3..HEAD
Merged SHA 4b8f70dc347774742a2264405de7e8151f2ede5a with commit message 'chore: Promote bdd-spring-1587219984 to version 0.0.1' into base branch master

Showing logs for build [32mcb-kubecd-environment-pr-205-25-r5ddv-1[0m stage [32mfrom-build-pack[0m and container [32mstep-build-helm-build[0m
WARNING: No $CHART_REPOSITORY defined so using the default value of: http://jenkins-x-chartmuseum:8080
Adding missing Helm repo: storage.googleapis.com https://storage.googleapis.com/chartmuseum.jenkins-x.io
WARNING: No secrets found on "helm/repos" due: reading the secret "helm/repos" from vault: no secret "helm/repos" not found in vault
Read credentials for https://storage.googleapis.com/chartmuseum.jenkins-x.io from vault helm/repos
Successfully added Helm repository storage.googleapis.com.
Adding missing Helm repo: jenkins-x-chartmuseum http://jenkins-x-chartmuseum:8080
WARNING: No secrets found on "helm/repos" due: reading the secret "helm/repos" from vault: no secret "helm/repos" not found in vault
Read credentials for http://jenkins-x-chartmuseum:8080 from vault helm/repos
Successfully added Helm repository jenkins-x-chartmuseum.
WARNING: No $CHART_REPOSITORY defined so using the default value of: http://jenkins-x-chartmuseum:8080
Adding missing Helm repo: chartmuseum.jenkins-x.io http://chartmuseum.jenkins-x.io
WARNING: No secrets found on "helm/repos" due: reading the secret "helm/repos" from vault: no secret "helm/repos" not found in vault
Read credentials for http://chartmuseum.jenkins-x.io from vault helm/repos
Successfully added Helm repository chartmuseum.jenkins-x.io.
