
Showing logs for build [32mcb-kubecd-environment-pr-205-25-z5qz4-1[0m stage [32mfrom-build-pack[0m and container [32mstep-credential-initializer-8qpcg[0m
{"level":"info","ts":1587222169.7426279,"logger":"fallback-logger","caller":"logging/config.go:69","msg":"Fetch GitHub commit ID from kodata failed: open /var/run/ko/refs/heads/0.8.0-ns-support: no such file or directory"}
{"level":"info","ts":1587222169.7433167,"logger":"fallback-logger","caller":"creds-init/main.go:40","msg":"Credentials initialized."}

Showing logs for build [32mcb-kubecd-environment-pr-205-25-z5qz4-1[0m stage [32mfrom-build-pack[0m and container [32mstep-working-dir-initializer-7b6jv[0m
{"level":"info","ts":1587222171.081332,"logger":"fallback-logger","caller":"logging/config.go:69","msg":"Fetch GitHub commit ID from kodata failed: open /var/run/ko/HEAD: no such file or directory"}
{"level":"info","ts":1587222171.0828478,"logger":"fallback-logger","caller":"bash/main.go:64","msg":"Successfully executed command \"sh -c mkdir -p /workspace/source\"; output "}

Showing logs for build [32mcb-kubecd-environment-pr-205-25-z5qz4-1[0m stage [32mfrom-build-pack[0m and container [32mstep-place-tools[0m

Showing logs for build [32mcb-kubecd-environment-pr-205-25-z5qz4-1[0m stage [32mfrom-build-pack[0m and container [32mstep-git-source-cb-kubecd-environment-pr-205-25-z5qz4-j9bwk[0m
{"level":"info","ts":1587222176.5307572,"logger":"fallback-logger","caller":"logging/config.go:69","msg":"Fetch GitHub commit ID from kodata failed: open /var/run/ko/refs/heads/0.8.0-ns-support: no such file or directory"}
{"level":"info","ts":1587222177.5598924,"logger":"fallback-logger","caller":"git/git.go:103","msg":"Successfully cloned https://github.com/cb-kubecd/environment-pr-205-25-boot-gke-staging.git @ master in path /workspace/source"}

Showing logs for build [32mcb-kubecd-environment-pr-205-25-z5qz4-1[0m stage [32mfrom-build-pack[0m and container [32mstep-git-merge[0m
Using SHAs from PULL_REFS=master:f84672093c7ec3709ae6ca17681bd1f20a0579f5,3:a23385040721e6073814eab3636cff966bfc5e3e
DEBUG: LC_ALL=C JX_LOG_LEVEL=error git fetch origin --unshallow a23385040721e6073814eab3636cff966bfc5e3e: f84672093c7ec3709ae6ca17681bd1f20a0579f5:
DEBUG: ran git fetch --unshallow origin a23385040721e6073814eab3636cff966bfc5e3e: f84672093c7ec3709ae6ca17681bd1f20a0579f5: in 
DEBUG: LC_ALL=C JX_LOG_LEVEL=error git branch
DEBUG: LC_ALL=C JX_LOG_LEVEL=error git checkout master
DEBUG: ran git checkout master in 
DEBUG: LC_ALL=C JX_LOG_LEVEL=error git reset --hard f84672093c7ec3709ae6ca17681bd1f20a0579f5
DEBUG: ran git reset --hard f84672093c7ec3709ae6ca17681bd1f20a0579f5 in 
DEBUG: LC_ALL=C JX_LOG_LEVEL=error git clean -fd .
DEBUG: ran clean --force -d . in 
DEBUG: JX_LOG_LEVEL=error LC_ALL=C git merge a23385040721e6073814eab3636cff966bfc5e3e
DEBUG: ran git merge a23385040721e6073814eab3636cff966bfc5e3e in 
DEBUG: JX_LOG_LEVEL=error LC_ALL=C git log --format=%H%x1f%an%x1f%ae%x1f%cn%x1f%ce%x1f%s%n%b%x1e f84672093c7ec3709ae6ca17681bd1f20a0579f5..HEAD
Merged SHA a23385040721e6073814eab3636cff966bfc5e3e with commit message 'chore: Promote bdd-sbhg-1587221165 to version 0.0.1' into base branch master

Showing logs for build [32mcb-kubecd-environment-pr-205-25-z5qz4-1[0m stage [32mfrom-build-pack[0m and container [32mstep-build-helm-build[0m
WARNING: No $CHART_REPOSITORY defined so using the default value of: http://jenkins-x-chartmuseum:8080
Adding missing Helm repo: storage.googleapis.com https://storage.googleapis.com/chartmuseum.jenkins-x.io
WARNING: No secrets found on "helm/repos" due: reading the secret "helm/repos" from vault: no secret "helm/repos" not found in vault
Read credentials for https://storage.googleapis.com/chartmuseum.jenkins-x.io from vault helm/repos
Successfully added Helm repository storage.googleapis.com.
Adding missing Helm repo: jenkins-x-chartmuseum http://jenkins-x-chartmuseum:8080
WARNING: No secrets found on "helm/repos" due: reading the secret "helm/repos" from vault: no secret "helm/repos" not found in vault
Read credentials for http://jenkins-x-chartmuseum:8080 from vault helm/repos
Successfully added Helm repository jenkins-x-chartmuseum.
WARNING: No $CHART_REPOSITORY defined so using the default value of: http://jenkins-x-chartmuseum:8080
Adding missing Helm repo: chartmuseum.jenkins-x.io http://chartmuseum.jenkins-x.io
WARNING: No secrets found on "helm/repos" due: reading the secret "helm/repos" from vault: no secret "helm/repos" not found in vault
Read credentials for http://chartmuseum.jenkins-x.io from vault helm/repos
Successfully added Helm repository chartmuseum.jenkins-x.io.
